<?xml version="1.0" encoding="UTF-8"?>
<!-- Generated by org.testng.reporters.JUnitReportReporter -->
<testsuite hostname="Deepi" failures="0" tests="5" name="com.test.tests.TekArchCRUDApi" time="14.910" errors="0" timestamp="2022-06-10T18:13:13 PDT" skipped="0">
  <testcase classname="com.test.tests.TekArchCRUDApi" name="loginToApi" time="1.782"/>
  <system-out/>
  <testcase classname="com.test.tests.TekArchCRUDApi" name="addUserDataWithPojo" time="3.206"/>
  <system-out/>
  <testcase classname="com.test.tests.TekArchCRUDApi" name="getUserDataWithPojo" time="6.660"/>
  <system-out/>
  <testcase classname="com.test.tests.TekArchCRUDApi" name="updateUserData" time="2.818"/>
  <system-out/>
  <testcase classname="com.test.tests.TekArchCRUDApi" name="deleteUserData" time="0.444"/>
  <system-out/>
</testsuite> <!-- com.test.tests.TekArchCRUDApi -->
